2020-02-24 14:06:46 INFO  Main:16 - Available materials types

2020-02-24 14:06:46 INFO  Main:17 - 1.Standard materials
2.Above standard materials
3.High Standard material

2020-02-24 14:06:46 INFO  Main:18 - Choose a material type:
2020-02-24 14:06:58 INFO  Main:35 - Enter area in square feet:
2020-02-24 14:07:01 INFO  Main:37 - Cost of construction is : 600000.0

2020-02-24 14:07:21 INFO  Main:16 - Available materials types

2020-02-24 14:07:21 INFO  Main:17 - 1.Standard materials
2.Above standard materials
3.High Standard material

2020-02-24 14:07:21 INFO  Main:18 - Choose a material type:
2020-02-24 14:07:26 INFO  Main:35 - Enter area in square feet:
2020-02-24 14:07:30 INFO  Main:37 - Cost of construction is : 660000.0

2020-02-24 14:07:37 INFO  Main:16 - Available materials types

2020-02-24 14:07:37 INFO  Main:17 - 1.Standard materials
2.Above standard materials
3.High Standard material

2020-02-24 14:07:37 INFO  Main:18 - Choose a material type:
2020-02-24 14:07:42 INFO  Main:22 - Do you want fully automated home
1.yes 2.no  :
2020-02-24 14:07:43 INFO  Main:35 - Enter area in square feet:
2020-02-24 14:07:47 INFO  Main:37 - Cost of construction is : 875000.0

2020-02-24 14:07:58 INFO  Main:16 - Available materials types

2020-02-24 14:07:58 INFO  Main:17 - 1.Standard materials
2.Above standard materials
3.High Standard material

2020-02-24 14:07:58 INFO  Main:18 - Choose a material type:
2020-02-24 14:08:02 INFO  Main:22 - Do you want fully automated home
1.yes 2.no  :
2020-02-24 14:08:04 INFO  Main:35 - Enter area in square feet:
2020-02-24 14:08:07 INFO  Main:37 - Cost of construction is : 900000.0

2020-02-24 14:08:15 INFO  Main:16 - Available materials types

2020-02-24 14:08:15 INFO  Main:17 - 1.Standard materials
2.Above standard materials
3.High Standard material

2020-02-24 14:08:15 INFO  Main:18 - Choose a material type:
2020-02-24 14:08:19 INFO  Main:32 - Invalid choice

2020-02-24 14:08:23 INFO  Main:16 - Available materials types

2020-02-24 14:08:23 INFO  Main:17 - 1.Standard materials
2.Above standard materials
3.High Standard material

2020-02-24 14:08:23 INFO  Main:18 - Choose a material type:
2020-02-24 14:08:26 INFO  Main:22 - Do you want fully automated home
1.yes 2.no  :
2020-02-24 14:08:28 INFO  Main:26 - Invalid choice

